<?xml version="1.0" encoding="UTF-8"?>
<testng-results ignored="3" total="4" passed="1" failed="0" skipped="0">
  <reporter-output>
  </reporter-output>
  <suite started-at="2022-06-06T01:09:30 IST" name="Default suite" finished-at="2022-06-06T01:09:57 IST" duration-ms="27266">
    <groups>
    </groups>
    <test started-at="2022-06-06T01:09:30 IST" name="Default test" finished-at="2022-06-06T01:09:57 IST" duration-ms="27266">
      <class name="tests.NewIncomeTests">
        <test-method is-config="true" signature="setup()[pri:0, instance:tests.NewIncomeTests@5fdcaa40]" started-at="2022-06-06T01:09:30 IST" name="setup" finished-at="2022-06-06T01:09:47 IST" duration-ms="16870" status="PASS">
          <reporter-output>
          </reporter-output>
        </test-method> <!-- setup -->
        <test-method is-config="true" signature="Initialize()[pri:0, instance:tests.NewIncomeTests@5fdcaa40]" started-at="2022-06-06T01:09:47 IST" name="Initialize" finished-at="2022-06-06T01:09:48 IST" duration-ms="433" status="PASS">
          <reporter-output>
          </reporter-output>
        </test-method> <!-- Initialize -->
        <test-method signature="AddNewIncomeTest()[pri:0, instance:tests.NewIncomeTests@5fdcaa40]" started-at="2022-06-06T01:09:48 IST" name="AddNewIncomeTest" finished-at="2022-06-06T01:09:57 IST" duration-ms="9350" status="PASS">
          <reporter-output>
          </reporter-output>
        </test-method> <!-- AddNewIncomeTest -->
        <test-method is-config="true" signature="Cleanup()[pri:0, instance:tests.NewIncomeTests@5fdcaa40]" started-at="2022-06-06T01:09:57 IST" name="Cleanup" finished-at="2022-06-06T01:09:57 IST" duration-ms="544" status="PASS">
          <reporter-output>
          </reporter-output>
        </test-method> <!-- Cleanup -->
      </class> <!-- tests.NewIncomeTests -->
    </test> <!-- Default test -->
  </suite> <!-- Default suite -->
</testng-results>
