<?xml version="1.0" encoding="UTF-8"?>
<testng-results ignored="0" total="4" passed="4" failed="0" skipped="0">
  <reporter-output>
  </reporter-output>
  <suite started-at="2022-06-06T00:11:25 IST" name="API-Test-Suite" finished-at="2022-06-06T00:11:28 IST" duration-ms="2337">
    <groups>
    </groups>
    <test started-at="2022-06-06T00:11:25 IST" name="Pet-Store-API" finished-at="2022-06-06T00:11:28 IST" duration-ms="2337">
      <class name="tests.UpdatePet">
        <test-method signature="UpdatePet()[pri:0, instance:tests.UpdatePet@6580cfdd]" started-at="2022-06-06T00:11:28 IST" name="UpdatePet" finished-at="2022-06-06T00:11:28 IST" duration-ms="72" status="PASS">
          <reporter-output>
          </reporter-output>
        </test-method> <!-- UpdatePet -->
      </class> <!-- tests.UpdatePet -->
      <class name="tests.PostPet">
        <test-method signature="PostPet()[pri:0, instance:tests.PostPet@6a400542]" started-at="2022-06-06T00:11:27 IST" name="PostPet" finished-at="2022-06-06T00:11:28 IST" duration-ms="629" status="PASS">
          <reporter-output>
          </reporter-output>
        </test-method> <!-- PostPet -->
      </class> <!-- tests.PostPet -->
      <class name="tests.DeletePet">
        <test-method signature="DeletePet()[pri:0, instance:tests.DeletePet@7e0b85f9]" started-at="2022-06-06T00:11:28 IST" name="DeletePet" finished-at="2022-06-06T00:11:28 IST" duration-ms="59" status="PASS">
          <reporter-output>
          </reporter-output>
        </test-method> <!-- DeletePet -->
      </class> <!-- tests.DeletePet -->
      <class name="tests.GetPet">
        <test-method signature="GetPet()[pri:0, instance:tests.GetPet@19bb07ed]" started-at="2022-06-06T00:11:25 IST" name="GetPet" finished-at="2022-06-06T00:11:27 IST" duration-ms="1535" status="PASS">
          <reporter-output>
          </reporter-output>
        </test-method> <!-- GetPet -->
      </class> <!-- tests.GetPet -->
    </test> <!-- Pet-Store-API -->
  </suite> <!-- API-Test-Suite -->
</testng-results>
