<?xml version="1.0" encoding="UTF-8"?>
<testng-results ignored="0" total="4" passed="4" failed="0" skipped="0">
  <reporter-output>
  </reporter-output>
  <suite started-at="2025-04-14T15:14:05 CEST" name="API-Test-Suite" finished-at="2025-04-14T15:14:07 CEST" duration-ms="1901">
    <groups>
    </groups>
    <test started-at="2025-04-14T15:14:05 CEST" name="Pet-Store-API" finished-at="2025-04-14T15:14:07 CEST" duration-ms="1901">
      <class name="tests.UpdatePet">
        <test-method signature="UpdatePet()[pri:0, instance:tests.UpdatePet@6973b51b]" started-at="2025-04-14T15:14:07 CEST" name="UpdatePet" finished-at="2025-04-14T15:14:07 CEST" duration-ms="60" status="PASS">
          <reporter-output>
          </reporter-output>
        </test-method> <!-- UpdatePet -->
      </class> <!-- tests.UpdatePet -->
      <class name="tests.PostPet">
        <test-method signature="PostPet()[pri:0, instance:tests.PostPet@1afd44cb]" started-at="2025-04-14T15:14:06 CEST" name="PostPet" finished-at="2025-04-14T15:14:07 CEST" duration-ms="576" status="PASS">
          <reporter-output>
          </reporter-output>
        </test-method> <!-- PostPet -->
      </class> <!-- tests.PostPet -->
      <class name="tests.DeletePet">
        <test-method signature="DeletePet()[pri:0, instance:tests.DeletePet@1ab3a8c8]" started-at="2025-04-14T15:14:07 CEST" name="DeletePet" finished-at="2025-04-14T15:14:07 CEST" duration-ms="93" status="PASS">
          <reporter-output>
          </reporter-output>
        </test-method> <!-- DeletePet -->
      </class> <!-- tests.DeletePet -->
      <class name="tests.GetPet">
        <test-method signature="GetPet()[pri:0, instance:tests.GetPet@3835c46]" started-at="2025-04-14T15:14:05 CEST" name="GetPet" finished-at="2025-04-14T15:14:06 CEST" duration-ms="1131" status="PASS">
          <reporter-output>
          </reporter-output>
        </test-method> <!-- GetPet -->
      </class> <!-- tests.GetPet -->
    </test> <!-- Pet-Store-API -->
  </suite> <!-- API-Test-Suite -->
</testng-results>
