<?xml version="1.0" encoding="UTF-8"?>
<!-- Generated by org.testng.reporters.JUnitXMLReporter -->
<testsuite ignored="0" hostname="LAPTOP-0G7MNIN6" failures="0" tests="4" name="Pet-Store-API" time="2.337" errors="0" timestamp="2022-06-06T00:11:28 IST">
  <testcase classname="tests.GetPet" name="GetPet" time="1.535"/>
  <testcase classname="tests.PostPet" name="PostPet" time="0.629"/>
  <testcase classname="tests.UpdatePet" name="UpdatePet" time="0.072"/>
  <testcase classname="tests.DeletePet" name="DeletePet" time="0.059"/>
</testsuite> <!-- Pet-Store-API -->
