<?xml version="1.0" encoding="UTF-8"?>
<!-- Generated by org.testng.reporters.JUnitXMLReporter -->
<testsuite ignored="0" hostname="LAPTOP-0G7MNIN6" failures="0" tests="4" name="Pet-Store-API" time="1.901" errors="0" timestamp="2025-04-14T15:14:07 CEST">
  <testcase classname="tests.GetPet" name="GetPet" time="1.131"/>
  <testcase classname="tests.PostPet" name="PostPet" time="0.576"/>
  <testcase classname="tests.UpdatePet" name="UpdatePet" time="0.06"/>
  <testcase classname="tests.DeletePet" name="DeletePet" time="0.093"/>
</testsuite> <!-- Pet-Store-API -->
