<?xml version="1.0" encoding="UTF-8"?>
<!-- Generated by org.testng.reporters.JUnitXMLReporter -->
<testsuite ignored="3" hostname="LAPTOP-0G7MNIN6" failures="0" tests="1" name="Default test" time="27.266" errors="0" timestamp="2022-06-06T01:09:58 IST">
  <testcase classname="tests.NewIncomeTests" name="AddNewIncomeTest" time="9.35"/>
  <testcase classname="tests.NewIncomeTests" name="UpdateIncomeTest" time="0.0">
    <ignored/>
  </testcase> <!-- UpdateIncomeTest -->
  <testcase classname="tests.NewIncomeTests" name="AddMultipleIncomeTest" time="0.0">
    <ignored/>
  </testcase> <!-- AddMultipleIncomeTest -->
  <testcase classname="tests.NewIncomeTests" name="DeleteIncomeTest" time="0.0">
    <ignored/>
  </testcase> <!-- DeleteIncomeTest -->
</testsuite> <!-- Default test -->
