<?xml version="1.0" encoding="UTF-8"?>
<!-- Generated by org.testng.reporters.JUnitReportReporter -->
<testsuite hostname="LAPTOP-0G7MNIN6" failures="0" tests="4" name="tests.NewExpenseTests" time="164.834" errors="0" timestamp="2022-06-04T23:59:00 IST" skipped="0">
  <testcase classname="tests.NewExpenseTests" name="AddMultipleExpenseTest" time="46.272"/>
  <system-out/>
  <testcase classname="tests.NewExpenseTests" name="UpdateExpenseTest" time="45.427"/>
  <system-out/>
  <testcase classname="tests.NewExpenseTests" name="AddNewExpenseTest" time="32.883"/>
  <system-out/>
  <testcase classname="tests.NewExpenseTests" name="DeleteExpenseTest" time="40.252"/>
  <system-out/>
</testsuite> <!-- tests.NewExpenseTests -->
