<?xml version="1.0" encoding="UTF-8"?>
<!-- Generated by org.testng.reporters.JUnitXMLReporter -->
<testsuite ignored="0" hostname="LAPTOP-0G7MNIN6" failures="0" tests="10" name="MonefyApp" time="376.388" errors="0" timestamp="2022-06-04T23:59:00 IST">
  <testcase classname="tests.NewExpenseTests" name="AddMultipleExpenseTest" time="33.16"/>
  <testcase classname="tests.NewExpenseTests" name="AddNewExpenseTest" time="18.604"/>
  <testcase classname="tests.NewExpenseTests" name="DeleteExpenseTest" time="25.263"/>
  <testcase classname="tests.NewExpenseTests" name="UpdateExpenseTest" time="28.523"/>
  <testcase classname="tests.NewIncomeTests" name="AddMultipleIncomeTest" time="25.802"/>
  <testcase classname="tests.NewIncomeTests" name="AddNewIncomeTest" time="10.741"/>
  <testcase classname="tests.NewIncomeTests" name="DeleteIncomeTest" time="19.441"/>
  <testcase classname="tests.NewIncomeTests" name="UpdateIncomeTest" time="23.837"/>
  <testcase classname="tests.DashboardTests" name="iconExpenseTest" time="11.101"/>
  <testcase classname="tests.TransferTests" name="AddTransfer" time="22.878"/>
</testsuite> <!-- MonefyApp -->
