<?xml version="1.0" encoding="UTF-8"?>
<!-- Generated by org.testng.reporters.JUnitXMLReporter -->
<testsuite ignored="0" hostname="LAPTOP-0G7MNIN6" failures="0" tests="10" name="MonefyApp" time="363.633" errors="0" timestamp="2025-04-14T14:39:53 CEST">
  <testcase classname="tests.NewExpenseTests" name="AddMultipleExpenseTest" time="41.41"/>
  <testcase classname="tests.NewExpenseTests" name="AddNewExpenseTest" time="18.789"/>
  <testcase classname="tests.NewExpenseTests" name="DeleteExpenseTest" time="26.068"/>
  <testcase classname="tests.NewExpenseTests" name="UpdateExpenseTest" time="29.841"/>
  <testcase classname="tests.NewIncomeTests" name="AddMultipleIncomeTest" time="24.985"/>
  <testcase classname="tests.NewIncomeTests" name="AddNewIncomeTest" time="10.124"/>
  <testcase classname="tests.NewIncomeTests" name="DeleteIncomeTest" time="19.603"/>
  <testcase classname="tests.NewIncomeTests" name="UpdateIncomeTest" time="23.829"/>
  <testcase classname="tests.DashboardTests" name="iconExpenseTest" time="11.62"/>
  <testcase classname="tests.TransferTests" name="AddTransfer" time="20.832"/>
</testsuite> <!-- MonefyApp -->
